<?xml version="1.0" encoding="UTF-8"?>
<!-- Generated by org.testng.reporters.JUnitReportReporter -->
<testsuite hostname="mdc5-l-f5386es" failures="0" tests="1" name="mainFile.SeleniumTest" time="2.366" errors="0" timestamp="2024-10-10T17:24:37 IST" skipped="0">
  <testcase classname="mainFile.SeleniumTest" name="testCase" time="2.366"/>
</testsuite> <!-- mainFile.SeleniumTest -->
